This is pdfTeX, Version 3.14159265-2.6-1.40.16 (MiKTeX 2.9 64-bit) (preloaded format=pdflatex 2016.1.24)  16 FEB 2017 23:17
entering extended mode
**"./Knapsack PP3.tex"
("Knapsack PP3.tex"
LaTeX2e <2015/10/01> patch level 2
Babel <3.9n> and hyphenation patterns for 69 languages loaded.
("C:\Users\owner\AppData\Local\Programs\MiKTeX 2.9\tex\latex\base\article.cls"
Document Class: article 2014/09/29 v1.4h Standard LaTeX document class
("C:\Users\owner\AppData\Local\Programs\MiKTeX 2.9\tex\latex\base\size12.clo"
File: size12.clo 2014/09/29 v1.4h Standard LaTeX file (size option)
)
\c@part=\count79
\c@section=\count80
\c@subsection=\count81
\c@subsubsection=\count82
\c@paragraph=\count83
\c@subparagraph=\count84
\c@figure=\count85
\c@table=\count86
\abovecaptionskip=\skip41
\belowcaptionskip=\skip42
\bibindent=\dimen102
)
("C:\Users\owner\AppData\Local\Programs\MiKTeX 2.9\tex\latex\amsmath\amsmath.st
y"
Package: amsmath 2013/01/14 v2.14 AMS math features
\@mathmargin=\skip43

For additional information on amsmath, use the `?' option.

("C:\Users\owner\AppData\Local\Programs\MiKTeX 2.9\tex\latex\amsmath\amstext.st
y"
Package: amstext 2000/06/29 v2.01

("C:\Users\owner\AppData\Local\Programs\MiKTeX 2.9\tex\latex\amsmath\amsgen.sty
"
File: amsgen.sty 1999/11/30 v2.0
\@emptytoks=\toks14
\ex@=\dimen103
))
("C:\Users\owner\AppData\Local\Programs\MiKTeX 2.9\tex\latex\amsmath\amsbsy.sty
"
Package: amsbsy 1999/11/29 v1.2d
\pmbraise@=\dimen104
)
("C:\Users\owner\AppData\Local\Programs\MiKTeX 2.9\tex\latex\amsmath\amsopn.sty
"
Package: amsopn 1999/12/14 v2.01 operator names
)
\inf@bad=\count87
LaTeX Info: Redefining \frac on input line 210.
\uproot@=\count88
\leftroot@=\count89
LaTeX Info: Redefining \overline on input line 306.
\classnum@=\count90
\DOTSCASE@=\count91
LaTeX Info: Redefining \ldots on input line 378.
LaTeX Info: Redefining \dots on input line 381.
LaTeX Info: Redefining \cdots on input line 466.
\Mathstrutbox@=\box26
\strutbox@=\box27
\big@size=\dimen105
LaTeX Font Info:    Redeclaring font encoding OML on input line 566.
LaTeX Font Info:    Redeclaring font encoding OMS on input line 567.
\macc@depth=\count92
\c@MaxMatrixCols=\count93
\dotsspace@=\muskip10
\c@parentequation=\count94
\dspbrk@lvl=\count95
\tag@help=\toks15
\row@=\count96
\column@=\count97
\maxfields@=\count98
\andhelp@=\toks16
\eqnshift@=\dimen106
\alignsep@=\dimen107
\tagshift@=\dimen108
\tagwidth@=\dimen109
\totwidth@=\dimen110
\lineht@=\dimen111
\@envbody=\toks17
\multlinegap=\skip44
\multlinetaggap=\skip45
\mathdisplay@stack=\toks18
LaTeX Info: Redefining \[ on input line 2665.
LaTeX Info: Redefining \] on input line 2666.
)
("C:\Users\owner\AppData\Local\Programs\MiKTeX 2.9\tex\latex\amsfonts\amssymb.s
ty"
Package: amssymb 2013/01/14 v3.01 AMS font symbols

("C:\Users\owner\AppData\Local\Programs\MiKTeX 2.9\tex\latex\amsfonts\amsfonts.
sty"
Package: amsfonts 2013/01/14 v3.01 Basic AMSFonts support
\symAMSa=\mathgroup4
\symAMSb=\mathgroup5
LaTeX Font Info:    Overwriting math alphabet `\mathfrak' in version `bold'
(Font)                  U/euf/m/n --> U/euf/b/n on input line 106.
))
("C:\Users\owner\AppData\Local\Programs\MiKTeX 2.9\tex\latex\listings\listings.
sty"
("C:\Users\owner\AppData\Local\Programs\MiKTeX 2.9\tex\latex\graphics\keyval.st
y"
Package: keyval 2014/10/28 v1.15 key=value parser (DPC)
\KV@toks@=\toks19
)
\lst@mode=\count99
\lst@gtempboxa=\box28
\lst@token=\toks20
\lst@length=\count100
\lst@currlwidth=\dimen112
\lst@column=\count101
\lst@pos=\count102
\lst@lostspace=\dimen113
\lst@width=\dimen114
\lst@newlines=\count103
\lst@lineno=\count104
\lst@maxwidth=\dimen115

("C:\Users\owner\AppData\Local\Programs\MiKTeX 2.9\tex\latex\listings\lstmisc.s
ty"
File: lstmisc.sty 2015/06/04 1.6 (Carsten Heinz)
\c@lstnumber=\count105
\lst@skipnumbers=\count106
\lst@framebox=\box29
)
("C:\Users\owner\AppData\Local\Programs\MiKTeX 2.9\tex\latex\listings\listings.
cfg"
File: listings.cfg 2015/06/04 1.6 listings configuration
))
Package: listings 2015/06/04 1.6 (Carsten Heinz)

("C:\Users\owner\AppData\Local\Programs\MiKTeX 2.9\tex\latex\tools\indentfirst.
sty"
Package: indentfirst 1995/11/23 v1.03 Indent first paragraph (DPC)
)
("C:\Users\owner\AppData\Local\Programs\MiKTeX 2.9\tex\latex\graphics\graphicx.
sty"
Package: graphicx 2014/10/28 v1.0g Enhanced LaTeX Graphics (DPC,SPQR)

("C:\Users\owner\AppData\Local\Programs\MiKTeX 2.9\tex\latex\graphics\graphics.
sty"
Package: graphics 2014/10/28 v1.0p Standard LaTeX Graphics (DPC,SPQR)

("C:\Users\owner\AppData\Local\Programs\MiKTeX 2.9\tex\latex\graphics\trig.sty"
Package: trig 1999/03/16 v1.09 sin cos tan (DPC)
)
("C:\Users\owner\AppData\Local\Programs\MiKTeX 2.9\tex\latex\00miktex\graphics.
cfg"
File: graphics.cfg 2007/01/18 v1.5 graphics configuration of teTeX/TeXLive
)
Package graphics Info: Driver file: pdftex.def on input line 94.

("C:\Users\owner\AppData\Local\Programs\MiKTeX 2.9\tex\latex\pdftex-def\pdftex.
def"
File: pdftex.def 2011/05/27 v0.06d Graphics/color for pdfTeX

("C:\Users\owner\AppData\Local\Programs\MiKTeX 2.9\tex\generic\oberdiek\infware
rr.sty"
Package: infwarerr 2010/04/08 v1.3 Providing info/warning/error messages (HO)
)
("C:\Users\owner\AppData\Local\Programs\MiKTeX 2.9\tex\generic\oberdiek\ltxcmds
.sty"
Package: ltxcmds 2011/11/09 v1.22 LaTeX kernel commands for general use (HO)
)
\Gread@gobject=\count107
))
\Gin@req@height=\dimen116
\Gin@req@width=\dimen117
)
("C:\Users\owner\AppData\Local\Programs\MiKTeX 2.9\tex\latex\float\float.sty"
Package: float 2001/11/08 v1.3d Float enhancements (AL)
\c@float@type=\count108
\float@exts=\toks21
\float@box=\box30
\@float@everytoks=\toks22
\@floatcapt=\box31
)
("C:\Users\owner\AppData\Local\Programs\MiKTeX 2.9\tex\latex\geometry\geometry.
sty"
Package: geometry 2010/09/12 v5.6 Page Geometry

("C:\Users\owner\AppData\Local\Programs\MiKTeX 2.9\tex\generic\oberdiek\ifpdf.s
ty"
Package: ifpdf 2011/01/30 v2.3 Provides the ifpdf switch (HO)
Package ifpdf Info: pdfTeX in PDF mode is detected.
)
("C:\Users\owner\AppData\Local\Programs\MiKTeX 2.9\tex\generic\oberdiek\ifvtex.
sty"
Package: ifvtex 2010/03/01 v1.5 Detect VTeX and its facilities (HO)
Package ifvtex Info: VTeX not detected.
)
("C:\Users\owner\AppData\Local\Programs\MiKTeX 2.9\tex\generic\ifxetex\ifxetex.
sty"
Package: ifxetex 2010/09/12 v0.6 Provides ifxetex conditional
)
\Gm@cnth=\count109
\Gm@cntv=\count110
\c@Gm@tempcnt=\count111
\Gm@bindingoffset=\dimen118
\Gm@wd@mp=\dimen119
\Gm@odd@mp=\dimen120
\Gm@even@mp=\dimen121
\Gm@layoutwidth=\dimen122
\Gm@layoutheight=\dimen123
\Gm@layouthoffset=\dimen124
\Gm@layoutvoffset=\dimen125
\Gm@dimlist=\toks23

("C:\Users\owner\AppData\Local\Programs\MiKTeX 2.9\tex\latex\geometry\geometry.
cfg"))
("C:\Users\owner\AppData\Local\Programs\MiKTeX 2.9\tex\latex\fancyhdr\fancyhdr.
sty"
\fancy@headwidth=\skip46
\f@ncyO@elh=\skip47
\f@ncyO@erh=\skip48
\f@ncyO@olh=\skip49
\f@ncyO@orh=\skip50
\f@ncyO@elf=\skip51
\f@ncyO@erf=\skip52
\f@ncyO@olf=\skip53
\f@ncyO@orf=\skip54
) ("Knapsack PP3.aux")
\openout1 = `"Knapsack PP3.aux"'.

LaTeX Font Info:    Checking defaults for OML/cmm/m/it on input line 30.
LaTeX Font Info:    ... okay on input line 30.
LaTeX Font Info:    Checking defaults for T1/cmr/m/n on input line 30.
LaTeX Font Info:    ... okay on input line 30.
LaTeX Font Info:    Checking defaults for OT1/cmr/m/n on input line 30.
LaTeX Font Info:    ... okay on input line 30.
LaTeX Font Info:    Checking defaults for OMS/cmsy/m/n on input line 30.
LaTeX Font Info:    ... okay on input line 30.
LaTeX Font Info:    Checking defaults for OMX/cmex/m/n on input line 30.
LaTeX Font Info:    ... okay on input line 30.
LaTeX Font Info:    Checking defaults for U/cmr/m/n on input line 30.
LaTeX Font Info:    ... okay on input line 30.
\c@lstlisting=\count112

("C:\Users\owner\AppData\Local\Programs\MiKTeX 2.9\tex\context\base\supp-pdf.mk
ii"
[Loading MPS to PDF converter (version 2006.09.02).]
\scratchcounter=\count113
\scratchdimen=\dimen126
\scratchbox=\box32
\nofMPsegments=\count114
\nofMParguments=\count115
\everyMPshowfont=\toks24
\MPscratchCnt=\count116
\MPscratchDim=\dimen127
\MPnumerator=\count117
\makeMPintoPDFobject=\count118
\everyMPtoPDFconversion=\toks25
)
*geometry* driver: auto-detecting
*geometry* detected driver: pdftex
*geometry* verbose mode - [ preamble ] result:
* driver: pdftex
* paper: <default>
* layout: <same size as paper>
* layoutoffset:(h,v)=(0.0pt,0.0pt)
* modes: 
* h-part:(L,W,R)=(72.26999pt, 469.75502pt, 72.26999pt)
* v-part:(T,H,B)=(72.26999pt, 650.43001pt, 72.26999pt)
* \paperwidth=614.295pt
* \paperheight=794.96999pt
* \textwidth=469.75502pt
* \textheight=650.43001pt
* \oddsidemargin=0.0pt
* \evensidemargin=0.0pt
* \topmargin=-37.0pt
* \headheight=12.0pt
* \headsep=25.0pt
* \topskip=12.0pt
* \footskip=30.0pt
* \marginparwidth=44.0pt
* \marginparsep=10.0pt
* \columnsep=10.0pt
* \skip\footins=10.8pt plus 4.0pt minus 2.0pt
* \hoffset=0.0pt
* \voffset=0.0pt
* \mag=1000
* \@twocolumnfalse
* \@twosidefalse
* \@mparswitchfalse
* \@reversemarginfalse
* (1in=72.27pt=25.4mm, 1cm=28.453pt)

LaTeX Font Info:    Try loading font information for U+msa on input line 32.
("C:\Users\owner\AppData\Local\Programs\MiKTeX 2.9\tex\latex\amsfonts\umsa.fd"
File: umsa.fd 2013/01/14 v3.01 AMS symbols A
)
LaTeX Font Info:    Try loading font information for U+msb on input line 32.
("C:\Users\owner\AppData\Local\Programs\MiKTeX 2.9\tex\latex\amsfonts\umsb.fd"
File: umsb.fd 2013/01/14 v3.01 AMS symbols B
)
Underfull \hbox (badness 10000) in paragraph at lines 41--42

 []


Underfull \hbox (badness 10000) in paragraph at lines 43--44

 []


Underfull \hbox (badness 10000) in paragraph at lines 45--46

 []

[1

{C:/Users/owner/AppData/Local/MiKTeX/2.9/pdftex/config/pdftex.map}]
LaTeX Font Info:    Try loading font information for OMS+cmr on input line 50.

("C:\Users\owner\AppData\Local\Programs\MiKTeX 2.9\tex\latex\base\omscmr.fd"
File: omscmr.fd 2014/09/29 v2.5h Standard LaTeX font definitions
)
LaTeX Font Info:    Font shape `OMS/cmr/m/n' in size <12> not available
(Font)              Font shape `OMS/cmsy/m/n' tried instead on input line 50.

Underfull \hbox (badness 10000) in paragraph at lines 55--56

 []


Underfull \hbox (badness 10000) in paragraph at lines 57--58

 []


Underfull \hbox (badness 10000) in paragraph at lines 65--66

 []


Underfull \hbox (badness 10000) in paragraph at lines 67--68

 []


Underfull \hbox (badness 10000) in paragraph at lines 69--70

 []


("C:\Users\owner\AppData\Local\Programs\MiKTeX 2.9\tex\latex\listings\lstlang1.
sty"
File: lstlang1.sty 2015/06/04 1.6 listings language file
)
Underfull \hbox (badness 10000) in paragraph at lines 71--72

 []


Package Fancyhdr Warning: \headheight is too small (12.0pt): 
 Make it at least 14.49998pt.
 We now make it that large for the rest of the document.
 This may cause the page layout to be inconsistent, however.

[2] (BruteForcePseudo.txt
LaTeX Font Info:    Try loading font information for OML+cmr on input line 6.

("C:\Users\owner\AppData\Local\Programs\MiKTeX 2.9\tex\latex\base\omlcmr.fd"
File: omlcmr.fd 2014/09/29 v2.5h Standard LaTeX font definitions
)
LaTeX Font Info:    Font shape `OML/cmr/m/n' in size <12> not available
(Font)              Font shape `OML/cmm/m/it' tried instead on input line 6.

[3]) (BRUTEFORCE.txt [4] [5] [6] [7] [8])
Underfull \hbox (badness 10000) in paragraph at lines 75--76

 []

<Pictures/BruteForceCode.jpg, id=35, 453.79538pt x 679.338pt>
File: Pictures/BruteForceCode.jpg Graphic file (type jpg)

<use Pictures/BruteForceCode.jpg>
Package pdftex.def Info: Pictures/BruteForceCode.jpg used on input line 79.
(pdftex.def)             Requested size: 453.79427pt x 679.33633pt.

<Pictures/BruteForceCode2.jpg, id=36, 426.393pt x 590.80725pt>
File: Pictures/BruteForceCode2.jpg Graphic file (type jpg)

<use Pictures/BruteForceCode2.jpg>
Package pdftex.def Info: Pictures/BruteForceCode2.jpg used on input line 80.
(pdftex.def)             Requested size: 426.39195pt x 590.8058pt.

Overfull \hbox (1.66406pt too wide) in paragraph at lines 79--83
[][]
 []

[9]
Overfull \vbox (28.90633pt too high) has occurred while \output is active []


[10 <./Pictures/BruteForceCode.jpg>]
Underfull \hbox (badness 10000) in paragraph at lines 86--87

 []

[11 <./Pictures/BruteForceCode2.jpg>]
Underfull \hbox (badness 10000) in paragraph at lines 88--89

 []


Underfull \hbox (badness 10000) in paragraph at lines 90--91

 []

(DynamicPseudo.txt)
Underfull \hbox (badness 10000) in paragraph at lines 92--93

 []

<Pictures/DynamicCode.jpg, id=46, 431.211pt x 609.477pt>
File: Pictures/DynamicCode.jpg Graphic file (type jpg)

<use Pictures/DynamicCode.jpg>
Package pdftex.def Info: Pictures/DynamicCode.jpg used on input line 96.
(pdftex.def)             Requested size: 431.20995pt x 609.47552pt.
 [12]
Underfull \hbox (badness 10000) in paragraph at lines 102--103

 []

[13 <./Pictures/DynamicCode.jpg>]
Underfull \hbox (badness 10000) in paragraph at lines 104--105

 []


Underfull \hbox (badness 10000) in paragraph at lines 106--107

 []


Underfull \hbox (badness 10000) in paragraph at lines 108--109

 []


Underfull \hbox (badness 10000) in paragraph at lines 110--111

 []

(GreedyPseudo.txt)
Underfull \hbox (badness 10000) in paragraph at lines 112--113

 []

<Pictures/GreedyCode.jpg, id=54, 468.85162pt x 436.33012pt>
File: Pictures/GreedyCode.jpg Graphic file (type jpg)

<use Pictures/GreedyCode.jpg>
Package pdftex.def Info: Pictures/GreedyCode.jpg used on input line 116.
(pdftex.def)             Requested size: 468.85048pt x 436.32906pt.

Overfull \hbox (16.72028pt too wide) in paragraph at lines 116--119
[][] 
 []

[14]
Underfull \hbox (badness 10000) in paragraph at lines 121--122

 []

[15 <./Pictures/GreedyCode.jpg>]
Underfull \hbox (badness 10000) in paragraph at lines 131--132

 []


Underfull \hbox (badness 3930) in paragraph at lines 138--138
[]\OT1/cmr/m/n/12 Duplicate in-te-gers
 []


Underfull \hbox (badness 7595) in paragraph at lines 138--138
[]\OT1/cmr/m/n/12 Program ex-e-cutes
 []


Underfull \hbox (badness 10000) in paragraph at lines 138--138
[]\OT1/cmr/m/n/12 Issues with the
 []


Underfull \hbox (badness 4316) in paragraph at lines 138--138
\OT1/cmr/m/n/12 re-order-ing of the
 []


Underfull \hbox (badness 7631) in paragraph at lines 138--138
\OT1/cmr/m/n/12 weight ar-ray (as
 []


Underfull \hbox (badness 8170) in paragraph at lines 138--138
\OT1/cmr/m/n/12 ex-plained in the
 []


Underfull \hbox (badness 6725) in paragraph at lines 138--138
\OT1/cmr/m/n/12 Prob-lems en-coun-
 []


Underfull \hbox (badness 7722) in paragraph at lines 138--139
[]\OT1/cmr/m/n/12 modify the code
 []


Underfull \hbox (badness 10000) in paragraph at lines 138--139
\OT1/cmr/m/n/12 ar-ray ac-cord-ing
 []


Underfull \hbox (badness 10000) in paragraph at lines 138--139
\OT1/cmr/m/n/12 with the price
 []


Underfull \hbox (badness 3930) in paragraph at lines 140--140
[]\OT1/cmr/m/n/12 Duplicate in-te-gers
 []


Underfull \hbox (badness 7595) in paragraph at lines 140--140
[]\OT1/cmr/m/n/12 Program ex-e-cutes
 []


Underfull \hbox (badness 7595) in paragraph at lines 142--142
[]\OT1/cmr/m/n/12 Program ex-e-cutes
 []


Underfull \hbox (badness 10000) in paragraph at lines 142--142
\OT1/cmr/m/n/12 was use4ful for
 []


Underfull \hbox (badness 5592) in paragraph at lines 142--142
\OT1/cmr/m/n/12 see-ing which ap-
 []


Underfull \hbox (badness 10000) in paragraph at lines 142--142
\OT1/cmr/m/n/12 quicker (when
 []


Underfull \hbox (badness 10000) in paragraph at lines 144--144
[]\OT1/cmr/m/n/12 Having neg-a-tive
 []


Underfull \hbox (badness 4328) in paragraph at lines 144--144
[]\OT1/cmr/m/n/12 A neg-a-tive ar-ray
 []


Underfull \hbox (badness 10000) in paragraph at lines 146--146
[]\OT1/cmr/m/n/12 Surprisingly, the
 []


Underfull \hbox (badness 10000) in paragraph at lines 146--146
\OT1/cmr/m/n/12 ar-ray still com-
 []


Underfull \hbox (badness 10000) in paragraph at lines 146--146
\OT1/cmr/m/n/12 0 as the most
 []


Underfull \hbox (badness 10000) in paragraph at lines 146--146
\OT1/cmr/m/n/12 op-ti-mal choice.
 []


Underfull \hbox (badness 10000) in paragraph at lines 146--146
\OT1/cmr/m/n/12 Greedy, on the
 []


Underfull \hbox (badness 10000) in paragraph at lines 146--146
\OT1/cmr/m/n/12 thief pay-ing the
 []


Underfull \hbox (badness 10000) in paragraph at lines 148--148
[]\OT1/cmr/m/n/12 Having neg-a-tive
 []


Underfull \hbox (badness 10000) in paragraph at lines 148--148
\OT1/cmr/m/n/12 in-te-gers in the
 []

[16]
Underfull \hbox (badness 10000) in paragraph at lines 156--157

 []


Underfull \hbox (badness 10000) in paragraph at lines 158--159

 []


Underfull \hbox (badness 10000) in paragraph at lines 160--161

 []


<Pictures/ERRORGreedyDubplicatePricesProblem.jpg, id=66, 405.9165pt x 167.72662
pt>
File: Pictures/ERRORGreedyDubplicatePricesProblem.jpg Graphic file (type jpg)
 <use Pictures/ERRORGreedyDubplicatePricesProblem.jpg>
Package pdftex.def Info: Pictures/ERRORGreedyDubplicatePricesProblem.jpg used o
n input line 164.
(pdftex.def)             Requested size: 405.91551pt x 167.7262pt.

<Pictures/ERRORGreedyDubplicatePrices.jpg, id=67, 272.81924pt x 261.97874pt>
File: Pictures/ERRORGreedyDubplicatePrices.jpg Graphic file (type jpg)

<use Pictures/ERRORGreedyDubplicatePrices.jpg>
Package pdftex.def Info: Pictures/ERRORGreedyDubplicatePrices.jpg used on input
 line 172.
(pdftex.def)             Requested size: 272.81857pt x 261.9781pt.
 [17 <./Pictures/ERRORGreedyDubplicatePricesProblem.jpg>]
<Pictures/ERRORGreedyDubplicatePricesFix.jpg, id=71, 412.24013pt x 161.70413pt>
File: Pictures/ERRORGreedyDubplicatePricesFix.jpg Graphic file (type jpg)
<use Pictures/ERRORGreedyDubplicatePricesFix.jpg>
Package pdftex.def Info: Pictures/ERRORGreedyDubplicatePricesFix.jpg used on in
put line 182.
(pdftex.def)             Requested size: 412.23912pt x 161.70372pt.
 [18 <./Pictures/ERRORGreedyDubplicatePrices.jpg> <./Pictures/ERRORGreedyDubpli
catePricesFix.jpg>]
Overfull \hbox (35.69644pt too wide) in paragraph at lines 188--188
[]\OT1/cmr/bx/n/17.28 EXPERIMENTAL ANAL-Y-SIS AND ASYMP-TOTIC RUN-
 []


Underfull \hbox (badness 10000) in paragraph at lines 189--190

 []


Underfull \hbox (badness 10000) in paragraph at lines 191--192

 []

<Pictures/BruteForceLoops.jpg, id=75, 373.69612pt x 224.037pt>
File: Pictures/BruteForceLoops.jpg Graphic file (type jpg)

<use Pictures/BruteForceLoops.jpg>
Package pdftex.def Info: Pictures/BruteForceLoops.jpg used on input line 204.
(pdftex.def)             Requested size: 373.6952pt x 224.03644pt.
 [19]
<Pictures/BruteForceTime.jpg, id=80, 349.90726pt x 166.82326pt>
File: Pictures/BruteForceTime.jpg Graphic file (type jpg)

<use Pictures/BruteForceTime.jpg>
Package pdftex.def Info: Pictures/BruteForceTime.jpg used on input line 213.
(pdftex.def)             Requested size: 349.90639pt x 166.82285pt.

<Pictures/BruteForceTimeClose.jpg, id=81, 349.60612pt x 165.91988pt>
File: Pictures/BruteForceTimeClose.jpg Graphic file (type jpg)

<use Pictures/BruteForceTimeClose.jpg>
Package pdftex.def Info: Pictures/BruteForceTimeClose.jpg used on input line 22
2.
(pdftex.def)             Requested size: 349.60526pt x 165.91946pt.
 [20 <./Pictures/BruteForceLoops.jpg> <./Pictures/BruteForceTime.jpg>]
<Pictures/BruteForceValue.jpg, id=85, 392.06474pt x 187.60088pt>
File: Pictures/BruteForceValue.jpg Graphic file (type jpg)

<use Pictures/BruteForceValue.jpg>
Package pdftex.def Info: Pictures/BruteForceValue.jpg used on input line 234.
(pdftex.def)             Requested size: 392.06378pt x 187.6004pt.
 [21 <./Pictures/BruteForceTimeClose.jpg> <./Pictures/BruteForceValue.jpg>]
<Pictures/DynamicTime.jpg, id=89, 344.487pt x 167.72662pt>
File: Pictures/DynamicTime.jpg Graphic file (type jpg)

<use Pictures/DynamicTime.jpg>
Package pdftex.def Info: Pictures/DynamicTime.jpg used on input line 251.
(pdftex.def)             Requested size: 344.48615pt x 167.7262pt.

<Pictures/DynamicValue.jpg, id=90, 398.38838pt x 189.70876pt>
File: Pictures/DynamicValue.jpg Graphic file (type jpg)

<use Pictures/DynamicValue.jpg>
Package pdftex.def Info: Pictures/DynamicValue.jpg used on input line 262.
(pdftex.def)             Requested size: 398.38739pt x 189.70828pt.
 [22 <./Pictures/DynamicTime.jpg> <./Pictures/DynamicValue.jpg>] <Pictures/Gree
dyTime.jpg, id=94, 351.41287pt x 165.91988pt>
File: Pictures/GreedyTime.jpg Graphic file (type jpg)

<use Pictures/GreedyTime.jpg>
Package pdftex.def Info: Pictures/GreedyTime.jpg used on input line 278.
(pdftex.def)             Requested size: 351.412pt x 165.91946pt.

<Pictures/GreedyTimeClose.jpg, id=95, 344.18588pt x 166.82326pt>
File: Pictures/GreedyTimeClose.jpg Graphic file (type jpg)

<use Pictures/GreedyTimeClose.jpg>
Package pdftex.def Info: Pictures/GreedyTimeClose.jpg used on input line 287.
(pdftex.def)             Requested size: 344.18503pt x 166.82285pt.
 [23 <./Pictures/GreedyTime.jpg>]
<Pictures/GreedyValue.jpg, id=99, 387.849pt x 187.60088pt>
File: Pictures/GreedyValue.jpg Graphic file (type jpg)

<use Pictures/GreedyValue.jpg>
Package pdftex.def Info: Pictures/GreedyValue.jpg used on input line 299.
(pdftex.def)             Requested size: 387.84804pt x 187.6004pt.
 [24 <./Pictures/GreedyTimeClose.jpg> <./Pictures/GreedyValue.jpg>]
<Pictures/AllTimeFar.jpg, id=103, 343.88475pt x 206.57175pt>
File: Pictures/AllTimeFar.jpg Graphic file (type jpg)

<use Pictures/AllTimeFar.jpg>
Package pdftex.def Info: Pictures/AllTimeFar.jpg used on input line 316.
(pdftex.def)             Requested size: 343.88391pt x 206.57123pt.

<Pictures/AllTimeClose.jpg, id=104, 345.6915pt x 208.07738pt>
File: Pictures/AllTimeClose.jpg Graphic file (type jpg)

<use Pictures/AllTimeClose.jpg>
Package pdftex.def Info: Pictures/AllTimeClose.jpg used on input line 325.
(pdftex.def)             Requested size: 345.69064pt x 208.07686pt.
 [25 <./Pictures/AllTimeFar.jpg>]
<Pictures/AllValue.jpg, id=109, 509.80463pt x 297.81262pt>
File: Pictures/AllValue.jpg Graphic file (type jpg)

<use Pictures/AllValue.jpg>
Package pdftex.def Info: Pictures/AllValue.jpg used on input line 340.
(pdftex.def)             Requested size: 509.80338pt x 297.81187pt.

Overfull \hbox (40.04836pt too wide) in paragraph at lines 340--341
 [] 
 []

[26 <./Pictures/AllTimeClose.jpg>]
Underfull \hbox (badness 10000) in paragraph at lines 351--352

 []

[27 <./Pictures/AllValue.jpg>] (Knapsack.txt
LaTeX Font Info:    Font shape `OMS/cmr/m/it' in size <12> not available
(Font)              Font shape `OMS/cmsy/m/n' tried instead on input line 3.
 [28] [29] [30]) [31]
(BruteForce.txt [32]
LaTeX Font Info:    Font shape `OML/cmr/m/it' in size <12> not available
(Font)              Font shape `OML/cmm/m/it' tried instead on input line 51.
 [33] [34] [35] [36]) [37] (Greedy.txt [38] [39] [40])
[41]
Underfull \hbox (badness 10000) in paragraph at lines 381--382

 []

(Dynamic.txt [42] [43]) [44]
Underfull \hbox (badness 10000) in paragraph at lines 390--391

 []


Overfull \hbox (79.574pt too wide) in paragraph at lines 392--393
\OT1/cmr/m/n/12 Search-Se-cu-rity. July 2006. Ac-cessed March 07, 2016. http://
searchsecurity.techtarget.com/definition/brute-
 []


Underfull \hbox (badness 10000) in paragraph at lines 392--393

 []

[45] ("Knapsack PP3.aux") ) 
Here is how much of TeX's memory you used:
 4399 strings out of 493634
 61278 string characters out of 3135239
 260673 words of memory out of 3000000
 7694 multiletter control sequences out of 15000+200000
 13358 words of font info for 51 fonts, out of 3000000 for 9000
 1025 hyphenation exceptions out of 8191
 32i,11n,43p,837b,1643s stack positions out of 5000i,500n,10000p,200000b,50000s
<C:/Users/owner/AppData/Local/Programs/MiKTeX 2.9/fo
nts/type1/public/amsfonts/cm/cmbx10.pfb><C:/Users/owner/AppData/Local/Programs/
MiKTeX 2.9/fonts/type1/public/amsfonts/cm/cmbx12.pfb><C:/Users/owner/AppData/Lo
cal/Programs/MiKTeX 2.9/fonts/type1/public/amsfonts/cm/cmmi12.pfb><C:/Users/own
er/AppData/Local/Programs/MiKTeX 2.9/fonts/type1/public/amsfonts/cm/cmmi8.pfb><
C:/Users/owner/AppData/Local/Programs/MiKTeX 2.9/fonts/type1/public/amsfonts/cm
/cmr10.pfb><C:/Users/owner/AppData/Local/Programs/MiKTeX 2.9/fonts/type1/public
/amsfonts/cm/cmr12.pfb><C:/Users/owner/AppData/Local/Programs/MiKTeX 2.9/fonts/
type1/public/amsfonts/cm/cmr17.pfb><C:/Users/owner/AppData/Local/Programs/MiKTe
X 2.9/fonts/type1/public/amsfonts/cm/cmr8.pfb><C:/Users/owner/AppData/Local/Pro
grams/MiKTeX 2.9/fonts/type1/public/amsfonts/cm/cmsy10.pfb><C:/Users/owner/AppD
ata/Local/Programs/MiKTeX 2.9/fonts/type1/public/amsfonts/cm/cmti12.pfb>
Output written on "Knapsack PP3.pdf" (45 pages, 2249612 bytes).
PDF statistics:
 207 PDF objects out of 1000 (max. 8388607)
 0 named destinations out of 1000 (max. 500000)
 96 words of extra memory for PDF output out of 10000 (max. 10000000)

